[    0.000000] Initializing cgroup subsys cpuset
[    0.000000] Initializing cgroup subsys cpu
[    0.000000] Initializing cgroup subsys cpuacct
[    0.000000] Linux version 4.4.0-116-generic (buildd@lgw01-amd64-021) (gcc version 5.4.0 20160609 (Ubuntu 5.4.0-6ubuntu1~16.04.9) ) #140-Ubuntu SMP Mon Feb 12 21:23:04 UTC 2018 (Ubuntu 4.4.0-116.140-generic 4.4.98)
[    0.000000] Command line: BOOT_IMAGE=/boot/vmlinuz-4.4.0-116-generic root=UUID=a7eda442-e46f-485f-988d-83ec628120f3 ro console=tty1 console=ttyS0
[    0.000000] KERNEL supported cpus:
[    0.000000]   Intel GenuineIntel
[    0.000000]   AMD AuthenticAMD
[    0.000000]   Centaur CentaurHauls
[    0.000000] x86/fpu: xstate_offset[2]:  576, xstate_sizes[2]:  256
[    0.000000] x86/fpu: Supporting XSAVE feature 0x01: 'x87 floating point registers'
[    0.000000] x86/fpu: Supporting XSAVE feature 0x02: 'SSE registers'
[    0.000000] x86/fpu: Supporting XSAVE feature 0x04: 'AVX registers'
[    0.000000] x86/fpu: Enabled xstate features 0x7, context size is 832 bytes, using 'standard' format.
[    0.000000] x86/fpu: Using 'lazy' FPU context switches.
[    0.000000] e820: BIOS-provided physical RAM map:
[    0.000000] BIOS-e820: [mem 0x0000000000000000-0x000000000009fbff] usable
[    0.000000] BIOS-e820: [mem 0x000000000009fc00-0x000000000009ffff] reserved
[    0.000000] BIOS-e820: [mem 0x00000000000f0000-0x00000000000fffff] reserved
[    0.000000] BIOS-e820: [mem 0x0000000000100000-0x000000003ffeffff] usable
[    0.000000] BIOS-e820: [mem 0x000000003fff0000-0x000000003fffffff] ACPI data
[    0.000000] BIOS-e820: [mem 0x00000000fec00000-0x00000000fec00fff] reserved
[    0.000000] BIOS-e820: [mem 0x00000000fee00000-0x00000000fee00fff] reserved
[    0.000000] BIOS-e820: [mem 0x00000000fffc0000-0x00000000ffffffff] reserved
[    0.000000] NX (Execute Disable) protection: active
[    0.000000] SMBIOS 2.5 present.
[    0.000000] Hypervisor detected: KVM
[    0.000000] e820: last_pfn = 0x3fff0 max_arch_pfn = 0x400000000
[    0.000000] MTRR: Disabled
[    0.000000] x86/PAT: MTRRs disabled, skipping PAT initialization too.
[    0.000000] CPU MTRRs all blank - virtualized system.
[    0.000000] x86/PAT: Configuration [0-7]: WB  WT  UC- UC  WB  WT  UC- UC  
[    0.000000] found SMP MP-table at [mem 0x0009fff0-0x0009ffff] mapped at [ffff88000009fff0]
[    0.000000] Scanning 1 areas for low memory corruption
[    0.000000] RAMDISK: [mem 0x36206000-0x370fafff]
[    0.000000] ACPI: Early table checksum verification disabled
[    0.000000] ACPI: RSDP 0x00000000000E0000 000024 (v02 VBOX  )
[    0.000000] ACPI: XSDT 0x000000003FFF0030 00003C (v01 VBOX   VBOXXSDT 00000001 ASL  00000061)
[    0.000000] ACPI: FACP 0x000000003FFF00F0 0000F4 (v04 VBOX   VBOXFACP 00000001 ASL  00000061)
[    0.000000] ACPI: DSDT 0x000000003FFF0470 0021FF (v02 VBOX   VBOXBIOS 00000002 INTL 20100528)
[    0.000000] ACPI: FACS 0x000000003FFF0200 000040
[    0.000000] ACPI: FACS 0x000000003FFF0200 000040
[    0.000000] ACPI: APIC 0x000000003FFF0240 00005C (v02 VBOX   VBOXAPIC 00000001 ASL  00000061)
[    0.000000] ACPI: SSDT 0x000000003FFF02A0 0001CC (v01 VBOX   VBOXCPUT 00000002 INTL 20100528)
[    0.000000] No NUMA configuration found
[    0.000000] Faking a node at [mem 0x0000000000000000-0x000000003ffeffff]
[    0.000000] NODE_DATA(0) allocated [mem 0x3ffeb000-0x3ffeffff]
[    0.000000] kvm-clock: Using msrs 4b564d01 and 4b564d00
[    0.000000] kvm-clock: cpu 0, msr 0:3ffe3001, primary cpu clock
[    0.000000] kvm-clock: using sched offset of 3292486486 cycles
[    0.000000] clocksource: kvm-clock: mask: 0xffffffffffffffff max_cycles: 0x1cd42e4dffb, max_idle_ns: 881590591483 ns
[    0.000000] Zone ranges:
[    0.000000]   DMA      [mem 0x0000000000001000-0x0000000000ffffff]
[    0.000000]   DMA32    [mem 0x0000000001000000-0x000000003ffeffff]
[    0.000000]   Normal   empty
[    0.000000]   Device   empty
[    0.000000] Movable zone start for each node
[    0.000000] Early memory node ranges
[    0.000000]   node   0: [mem 0x0000000000001000-0x000000000009efff]
[    0.000000]   node   0: [mem 0x0000000000100000-0x000000003ffeffff]
[    0.000000] Initmem setup node 0 [mem 0x0000000000001000-0x000000003ffeffff]
[    0.000000] ACPI: PM-Timer IO Port: 0x4008
[    0.000000] IOAPIC[0]: apic_id 2, version 32, address 0xfec00000, GSI 0-23
[    0.000000] ACPI: INT_SRC_OVR (bus 0 bus_irq 0 global_irq 2 dfl dfl)
[    0.000000] ACPI: INT_SRC_OVR (bus 0 bus_irq 9 global_irq 9 high level)
[    0.000000] Using ACPI (MADT) for SMP configuration information
[    0.000000] smpboot: Allowing 2 CPUs, 0 hotplug CPUs
[    0.000000] PM: Registered nosave memory: [mem 0x00000000-0x00000fff]
[    0.000000] PM: Registered nosave memory: [mem 0x0009f000-0x0009ffff]
[    0.000000] PM: Registered nosave memory: [mem 0x000a0000-0x000effff]
[    0.000000] PM: Registered nosave memory: [mem 0x000f0000-0x000fffff]
[    0.000000] e820: [mem 0x40000000-0xfebfffff] available for PCI devices
[    0.000000] Booting paravirtualized kernel on KVM
[    0.000000] clocksource: refined-jiffies: mask: 0xffffffff max_cycles: 0xffffffff, max_idle_ns: 7645519600211568 ns
[    0.000000] setup_percpu: NR_CPUS:512 nr_cpumask_bits:512 nr_cpu_ids:2 nr_node_ids:1
[    0.000000] PERCPU: Embedded 34 pages/cpu @ffff88003fc00000 s99544 r8192 d31528 u1048576
[    0.000000] PV qspinlock hash table entries: 256 (order: 0, 4096 bytes)
[    0.000000] Built 1 zonelists in Node order, mobility grouping on.  Total pages: 257913
[    0.000000] Policy zone: DMA32
[    0.000000] Kernel command line: BOOT_IMAGE=/boot/vmlinuz-4.4.0-116-generic root=UUID=a7eda442-e46f-485f-988d-83ec628120f3 ro console=tty1 console=ttyS0
[    0.000000] PID hash table entries: 4096 (order: 3, 32768 bytes)
[    0.000000] Memory: 997216K/1048120K available (8530K kernel code, 1309K rwdata, 3992K rodata, 1508K init, 1316K bss, 50904K reserved, 0K cma-reserved)
[    0.000000] SLUB: HWalign=64, Order=0-3, MinObjects=0, CPUs=2, Nodes=1
[    0.000000] Kernel/User page tables isolation: enabled
[    0.000000] Hierarchical RCU implementation.
[    0.000000] 	Build-time adjustment of leaf fanout to 64.
[    0.000000] 	RCU restricting CPUs from NR_CPUS=512 to nr_cpu_ids=2.
[    0.000000] RCU: Adjusting geometry for rcu_fanout_leaf=64, nr_cpu_ids=2
[    0.000000] NR_IRQS:33024 nr_irqs:440 16
[    0.000000] Console: colour VGA+ 80x25
[    0.000000] console [tty1] enabled
[    0.000000] console [ttyS0] enabled
[    0.000000] tsc: Detected 3096.000 MHz processor
[    2.727199] Calibrating delay loop (skipped) preset value.. 6192.00 BogoMIPS (lpj=12384000)
[    2.741242] pid_max: default: 32768 minimum: 301
[    2.742098] ACPI: Core revision 20150930
[    2.764025] ACPI: 2 ACPI AML tables successfully acquired and loaded
[    2.794664] Security Framework initialized
[    2.795511] Yama: becoming mindful.
[    2.796276] AppArmor: AppArmor initialized
[    2.797190] Dentry cache hash table entries: 131072 (order: 8, 1048576 bytes)
[    2.843016] Inode-cache hash table entries: 65536 (order: 7, 524288 bytes)
[    2.874756] Mount-cache hash table entries: 2048 (order: 2, 16384 bytes)
[    2.875896] Mountpoint-cache hash table entries: 2048 (order: 2, 16384 bytes)
[    2.877224] Initializing cgroup subsys io
[    2.877995] Initializing cgroup subsys memory
[    2.878827] Initializing cgroup subsys devices
[    2.885197] Initializing cgroup subsys freezer
[    2.886024] Initializing cgroup subsys net_cls
[    2.908095] Initializing cgroup subsys perf_event
[    2.917301] Initializing cgroup subsys net_prio
[    2.918487] Initializing cgroup subsys hugetlb
[    2.979449] Initializing cgroup subsys pids
[    2.988612] CPU: Physical Processor ID: 0
[    2.989381] CPU: Processor Core ID: 0
[    2.990105] FEATURE SPEC_CTRL Not Present
[    3.008087] mce: CPU supports 0 MCE banks
[    3.008873] Last level iTLB entries: 4KB 64, 2MB 8, 4MB 8
[    3.009831] Last level dTLB entries: 4KB 64, 2MB 0, 4MB 0, 1GB 4
[    3.010892] Spectre V2 mitigation: Mitigation: Full generic retpoline
[    3.011992] Spectre V2 mitigation: Speculation control IBPB not-supported IBRS not-supported
[    3.080894] Freeing SMP alternatives memory: 32K
[    3.157544] ftrace: allocating 32186 entries in 126 pages
[    3.293342] smpboot: APIC(0) Converting physical 0 to logical package 0
[    3.371295] smpboot: Max logical packages: 1
[    3.436998] x2apic enabled
[    3.487889] Switched APIC routing to physical x2apic.
[    3.549807] ..TIMER: vector=0x30 apic1=0 pin1=2 apic2=-1 pin2=-1
[    3.682684] smpboot: CPU0: Intel(R) Core(TM) i5-7267U CPU @ 3.10GHz (family: 0x6, model: 0x8e, stepping: 0x9)
[    3.796646] Performance Events: unsupported p6 CPU model 142 no PMU driver, software events only.
[    3.914594] KVM setup paravirtual spinlock
[    3.969703] x86: Booting SMP configuration:
[    4.018117] .... node  #0, CPUs:      #1
[    4.019014] kvm-clock: cpu 1, msr 0:3ffe3041, secondary cpu clock
[    4.030104] mce: CPU supports 0 MCE banks
[    4.032634] x86: Booted up 1 node, 2 CPUs
[    4.067899] smpboot: Total of 2 processors activated (12384.00 BogoMIPS)
[    4.089414] devtmpfs: initialized
[    4.119320] evm: security.selinux
[    4.146261] evm: security.SMACK64
[    4.169753] evm: security.SMACK64EXEC
[    4.198763] evm: security.SMACK64TRANSMUTE
[    4.202159] evm: security.SMACK64MMAP
[    4.238493] evm: security.ima
[    4.261412] evm: security.capability
[    4.298160] clocksource: jiffies: mask: 0xffffffff max_cycles: 0xffffffff, max_idle_ns: 7645041785100000 ns
[    4.380575] futex hash table entries: 512 (order: 3, 32768 bytes)
[    4.444297] pinctrl core: initialized pinctrl subsystem
[    4.485640] RTC time: 18:33:43, date: 03/05/18
[    4.525848] NET: Registered protocol family 16
[    4.591914] cpuidle: using governor ladder
[    4.640014] cpuidle: using governor menu
[    4.677414] PCCT header not found.
[    4.708049] ACPI: bus type PCI registered
[    4.743065] acpiphp: ACPI Hot Plug PCI Controller Driver version: 0.5
[    4.786656] PCI: Using configuration type 1 for base access
[    4.801727] ACPI: Added _OSI(Module Device)
[    4.836570] ACPI: Added _OSI(Processor Device)
[    4.881844] ACPI: Added _OSI(3.0 _SCP Extensions)
[    4.928846] ACPI: Added _OSI(Processor Aggregator Device)
[    4.979348] ACPI: Executed 1 blocks of module-level executable AML code
[    5.042898] ACPI: Interpreter enabled
[    5.072258] ACPI: (supports S0 S5)
[    5.098286] ACPI: Using IOAPIC for interrupt routing
[    5.141831] PCI: Using host bridge windows from ACPI; if necessary, use "pci=nocrs" and report a bug
[    5.232435] ACPI: PCI Root Bridge [PCI0] (domain 0000 [bus 00-ff])
[    5.294998] acpi PNP0A03:00: _OSC: OS supports [ASPM ClockPM Segments MSI]
[    5.353279] acpi PNP0A03:00: _OSC: not requesting OS control; OS requires [ExtendedConfig ASPM ClockPM MSI]
[    5.440150] acpi PNP0A03:00: fail to add MMCONFIG information, can't access extended PCI configuration space under this bridge.
[    5.539389] PCI host bridge to bus 0000:00
[    5.571796] pci_bus 0000:00: root bus resource [io  0x0000-0x0cf7 window]
[    5.639776] pci_bus 0000:00: root bus resource [io  0x0d00-0xffff window]
[    5.693656] pci_bus 0000:00: root bus resource [mem 0x000a0000-0x000bffff window]
[    5.771668] pci_bus 0000:00: root bus resource [mem 0x40000000-0xffdfffff window]
[    5.839582] pci_bus 0000:00: root bus resource [bus 00-ff]
[    5.885258] pci 0000:00:01.1: legacy IDE quirk: reg 0x10: [io  0x01f0-0x01f7]
[    5.957735] pci 0000:00:01.1: legacy IDE quirk: reg 0x14: [io  0x03f6]
[    6.015113] pci 0000:00:01.1: legacy IDE quirk: reg 0x18: [io  0x0170-0x0177]
[    6.096947] pci 0000:00:01.1: legacy IDE quirk: reg 0x1c: [io  0x0376]
[    6.164377] pci 0000:00:07.0: quirk: [io  0x4000-0x403f] claimed by PIIX4 ACPI
[    6.215277] pci 0000:00:07.0: quirk: [io  0x4100-0x410f] claimed by PIIX4 SMB
[    6.221509] ACPI: PCI Interrupt Link [LNKA] (IRQs 5 9 10 *11)
[    6.289508] ACPI: PCI Interrupt Link [LNKB] (IRQs 5 9 10 *11)
[    6.348305] ACPI: PCI Interrupt Link [LNKC] (IRQs 5 9 *10 11)
[    6.404415] ACPI: PCI Interrupt Link [LNKD] (IRQs 5 *9 10 11)
[    6.460271] ACPI: Enabled 2 GPEs in block 00 to 07
[    6.516610] vgaarb: setting as boot device: PCI:0000:00:02.0
[    6.555374] vgaarb: device added: PCI:0000:00:02.0,decodes=io+mem,owns=io+mem,locks=none
[    6.628163] vgaarb: loaded
[    6.628918] vgaarb: bridge control possible 0000:00:02.0
[    6.682008] SCSI subsystem initialized
[    6.725427] ACPI: bus type USB registered
[    6.759636] usbcore: registered new interface driver usbfs
[    6.810667] usbcore: registered new interface driver hub
[    6.852990] usbcore: registered new device driver usb
[    6.901173] PCI: Using ACPI for IRQ routing
[    6.934861] NetLabel: Initializing
[    6.970895] NetLabel:  domain hash size = 128
[    7.007744] NetLabel:  protocols = UNLABELED CIPSOv4
[    7.045433] NetLabel:  unlabeled traffic allowed by default
[    7.091490] amd_nb: Cannot enumerate AMD northbridges
[    7.111709] clocksource: Switched to clocksource kvm-clock
[    7.165726] AppArmor: AppArmor Filesystem Enabled
[    7.187135] pnp: PnP ACPI init
[    7.237957] pnp: PnP ACPI: found 3 devices
[    7.344029] clocksource: acpi_pm: mask: 0xffffff max_cycles: 0xffffff, max_idle_ns: 2085701024 ns
[    7.508775] NET: Registered protocol family 2
[    7.548586] TCP established hash table entries: 8192 (order: 4, 65536 bytes)
[    7.549785] TCP bind hash table entries: 8192 (order: 5, 131072 bytes)
[    7.550906] TCP: Hash tables configured (established 8192 bind 8192)
[    7.672944] UDP hash table entries: 512 (order: 2, 16384 bytes)
[    7.797786] UDP-Lite hash table entries: 512 (order: 2, 16384 bytes)
[    7.818621] NET: Registered protocol family 1
[    7.819449] pci 0000:00:00.0: Limiting direct PCI/PCI transfers
[    7.864760] pci 0000:00:01.0: Activating ISA DMA hang workarounds
[    8.000398] Unpacking initramfs...
[    8.277196] Freeing initrd memory: 15316K
[    8.419839] platform rtc_cmos: registered platform RTC device (no PNP device found)
[    8.695386] Scanning for low memory corruption every 60 seconds
[    8.725400] audit: initializing netlink subsys (disabled)
[    8.779976] audit: type=2000 audit(1520274826.146:1): initialized
[    8.953098] Initialise system trusted keyring
[    9.157544] HugeTLB regittered 2 MB page size, pre-allocated 0 pages
[    9.319872] zbud: loaded
[    9.388325] VFS: Disk quotas dquot_6.6.0
[    9.592013] tsc: Refined TSC clocksource calibration: 3095.469 MHz
[    9.790096] clocksource: tsc: mask: 0xffffffffffffffff max_cycles: 0x2c9e8fb25e9, max_idle_ns: 440795361836 ns
[    9.790177] VFS: Dquot-cache hash table entries: 512 (order 0, 4096 bytes)
[    9.790484] squashfs: version 4.0 (2009/01/31) Phillip Lougher
[    9.821717] fuse init (API version 7.23)
[    9.821911] Key type big_key registered
[    9.821929] Allocating IMA MOK and blacklist keyrings.
[    9.822151] Key type asymmetric registered
[    9.822153] Asymmetric key parser 'x509' registered
[    9.822189] Block layer SCSI generic (bsg) driver version 0.4 loaded (major 249)
[    9.822218] io scheduler noop registered
[    9.822220] io scheduler deadline registered (default)
[    9.822249] io scheduler cfq registered
[    9.822351] pci_hotplug: PCI Hot Plug PCI Core version: 0.5
[    9.822357] pciehp: PCI Express Hot Plug Controller Driver version: 0.4
[    9.822692] ACPI: AC Adapter [AC] (off-line)
[    9.822759] input: Power Button as /devices/LNXSYSTM:00/LNXPWRBN:00/input/input0
[    9.822762] ACPI: Power Button [PWRF]
[    9.822859] input: Sleep Button as /devices/LNXSYSTM:00/LNXSLPBN:00/input/input1
[    9.822861] ACPI: Sleep Butoon [SLPF]
[    9.823079] GHES: HEST is not enabled!
[    9.823219] Serial: 8250/16550 driver, 32 ports, IRQ sharing nnabled
[   10.109632] 00:02: ttyS0 at I/O 0x3f8 (irq = 4, base_baud = 115200) is a 16550A
[   10.127613] Linux agpgart interface v0.10
[   10.131050] loop: module loaded
[   10.131536] scsi host0: ata_piix
[   10.131581] scsi host1: ata_piix
[   10.131607] ata1: PATA max UDMA/33 cmd 0x1f0 ctl 0x3f6 bmdma 0xd000 irq 14
[   10.131608] ata2: PATA max UDMA/33 cmd 0x170 ctl 0x376 bmdma 0xd008 irq 15
[   10.131671] libphy: Fixed MDIO Bus: probed
[   10.131673] tun: Universal TUN/TAP device driver, 1.6
[   10.131673] tun: (C) 1999-2004 Max Krasnyansky <maxk@qualcomm.com>
[   10.131704] PPP generic driver version 2.4.2
[   10.131746] ehci_hcd: USB 2.0 'Enhanced' Host Controller (EHCI) Driver
[   10.131750] ehci-pci: EHCI PCI platform driver
[   10.131763] ehci-platform: EHCI generic platform driver
[   10.131770] ohci_hcd: USB 1.1 'Open' Host Controller (OHCI) Driver
[   10.131773] ohci-pci: OHCI PCI platform driver
[   10.131779] ohci-platform: OHCI generic platform driver
[   10.131785] uhci_hcd: USB Universal Host Controller Interface driver
[   10.131831] i8042: PNP: PS/2 Controller [PNP0303:PS2K,PNP0f03:PS2M] at 0x60,0x64 irq 1,12
[   10.132273] serio: i8042 KBD port at 0x60,0x64 irq 1
[   10.132276] serio: i8042 AUX port at 0x60,0x64 irq 12
[   10.132361] mousedev: PS/2 mouse device common for all mice
[   10.132607] input: AT Translated Set 2 keyboard as /devices/platform/i8042/serio0/input/input2
[   10.132893] rtc_cmos rtc_cmos: rtc core: registered rtc_cmos as rtc0
[   10.132940] rtc_cmos rtc_cmos: alarms up to one day, 114 bytes nvram
[   10.132946] i2c /dev entries driver
[   10.132990] device-mapper: uevent: version 1.0.3
[   10.133032] device-mapper: ioctl: 4.34.0-ioctl (2015-10-28) initialised: dm-devel@redhat.com
[   10.133051] ledtrig-cpu: registered to indicate activity on CPUs
[   10.133268] NET: Registered protocol family 10
[   10.133386] NET: Registered protocol family 17
[   10.133399] Key type dns_resolver registered
[   10.133513] microcode: CPU0 sig=0x806e9, pf=0x8, revision=0x0
[   10.138687] microcode: CPU1 sig=0x806e9, pf=0x8, revision=0x0
[   10.138710] microcode: Microcode Update Driver: v2.01 <tigran@aivazian.fsnet.co.uk>, Peter Oruba
[   10.138803] registered taskstats version 1
[   10.138814] Loading compiled-in X.509 certificates
[   10.139281] Loaded X.509 cert 'Build time autogenerated kernel key: aa84f01984fbd529c105810b59e379d349698248'
[   10.139295] zswap: loaded using pool lzo/zbud
[   10.140181] ACPI: Battery Slot [BAT0] (battery present)
[   10.142288] Key type trusted registered
[   10.144714] Key type encrypted registered
[   10.144718] AppArmor: AppArmor sha1 policy hashing enabled
[   10.144720] ima: No TPM chip found, activating TPM-bypass!
[   10.144738] evm: HMAC attrs: 0x1
[   10.144939]   Magic number: 10:295:594
[   10.145137] rtc_cmos rtc_cmos: setting system clock to 2018-03-05 18:33:49 UTC (1520274829)
[   10.145199] BIOS EDD facility v0.16 2004-Jun-25, 0 devices found
[   10.145200] EDD information not available.
[   14.989273] Freeing unused kernel memory: 1508K
[   15.056657] Write protecting the kernel read-only data: 14336k
[   15.125707] Freeing unused kernel memory: 1700K
[   15.217028] Freeing unused kernel memory: 104K
Loading, please wait...
startin[   15.251540] random: systemd-udevd: uninitialized urandom read (16 bytes read, 5 bits of entropy available)
g version 229
[   15.252233] random: udevadm: uninitialized urandom read (16 bytes read, 5 bits of entropy available)
[   15.252262] random: udevadm: uninitialized urandom read (16 bytes read, 5 bits of entropy available)
[   15.265577] random: udevadm: uninitialized urandom read (16 bytes read, 5 bits of entropy available)
[   15.265646] random: udevadm: uninitialized urandom read (16 bytes read, 5 bits of entropy available)
[   15.266052] random: udevadm: uninitialized urandom read (16 bytes read, 5 bits of entropy available)
[   15.266147] random: udevadm: uninitialized urandom read (16 bytes read, 5 bits of entropy available)
[   15.266235] random: udevadm: uninitialized urandom read (16 bytes read, 5 bits of entropy available)
[   15.266320] random: udevadm: uninitialized urandom read (16 bytes read, 5 bits of entropy available)
[   15.266429] random: udevadm: uninitialized urandom read (16 bytes read, 5 bits of entropy available)
[   16.279389] e1000: Intel(R) PRO/1000 Network Driver - version 7.3.21-k8-NAPI
[   16.326202] e1000: Copyright (c) 1999-2006 Intel Corporation.
[   16.368646] Fusion MPT base driver 3.04.20
[   16.376961] Copyright (c) 1999-2008 LSI Corporation
[   16.406246] AVX version of gcm_enc/dec engaged.
[   16.407581] Fusion MPT SPI Host driver 3.04.20
[   16.466492] AES CTR mode by8 optimization enabled
[   16.588901] input: ImExPS/2 Generic Explorer Mouse as /devices/platform/i8042/serio1/input/input4
[   16.797060] e1000 0000:00:03.0 eth0: (PCI:33MHz:32-bit) 02:66:2d:c5:e5:fb
[   16.830692] e1000 0000:00:03.0 eth0: Intel(R) PRO/1000 Network Connection
[   16.853150] mptbase: ioc0: Initiating bringup
[   16.853772] e1000 0000:00:03.0 enp0s3: renamed from eth0
[   16.980466] ioc0: LSI53C1030 A0: Capabilities={Initiator}
[   17.210852] scsi host2: ioc0: LSI53C1030 A0, FwRev=00000000h, Ports=1, MaxQ=256, IRQ=20
[   17.480416] scsi 2:0:0:0: Direct-Access     VBOX     HARDDISK         1.0  PQ: 0 ANSI: 5
[   17.576978] scsi target2:0:0: Beginning Domain Validation
[   17.641256] scsi target2:0:0: Domain Validation skipping write tests
[   17.658695] scsi target2:0:0: Ending Domain Validation
[   17.698882] scsi target2:0:0: asynchronous
[   17.763552] scsi 2:0:1:0: Direct-Access     VBOX     HARDDISK         1.0  PQ: 0 ANSI: 5
[   17.939148] scsi target2:0:1: Beginning Domain Validation
[   18.052812] scsi target2:0:1: Domain Validation skipping write tests
[   18.109112] scsi target2:0:1: Ending Domain Validation
[   18.110075] scsi target2:0:1: asynchronous
[   18.115827] sd 2:0:0:0: [sda] 20971520 512-byte logical blocks: (10.7 GB/10.0 GiB)
[   18.165379] sd 2:0:0:0: Attached scsi generic sg0 type 0
[   18.165622] sd 2:0:0:0: [sda] Write Protect is off
[   18.165702] sd 2:0:0:0: [sda] Incomplete mode parameter data
[   18.165703] sd 2:0:0:0: [sda] Assuming drive cache: write through
[   18.167936]  sda: sda1
[   18.168614] sd 2:0:0:0: [sda] Attached SCSI disk
[   18.528598] sd 2:0:1:0: Attached scsi generic sg1 type 0
[   18.528893] sd 2:0:1:0: [sdb] 20480 512-byte logical blocks: (10.5 MB/10.0 MiB)
[   18.529093] sd 2:0:1:0: [sdb] Write Protect is off
[   18.529224] sd 2:0:1:0: [sdb] Incomplete mode parameter data
[   18.529226] sd 2:0:1:0: [sdb] Assuming drive cache: write through
[   18.533417] sd 2:0:1:0: [sdb] Attached SCSI disk
[   19.407860] floppy0: no floppy controllers found
Begin: Loading e[   20.827724] md: linear personality registered for level -1
ssential drivers ... [   21.021298] md: multipath personality registered for level -4
[   21.221302] md: raid0 personality registered for level 0
[   21.284818] md: raid1 personality registered for level 1
[   21.383743] raid6: sse2x1   gen()  9699 MB/s
[   21.535835] raid6: sse2x1   xor()  6035 MB/s
[   21.756000] raid6: sse2x2   gen() 11750 MB/s
[   21.844233] raid6: sse2x2   xor()  5740 MB/s
[   22.044017] raid6: sse2x4   gen() 13277 MB/s
[   22.172080] raid6: sse2x4   xor()  8962 MB/s
[   22.308337] raid6: using algorithm sse2x4 gen() 13277 MB/s
[   22.508356] raid6: .... xor() 8962 MB/s, rmw enabled
[   22.624665] raid6: using ssse3x2 recovery algorithm
[   22.709381] xor: automatically using best checksumming function:
[   22.812269]    avx       : 22280.000 MB/sec
[   22.861791] async_tx: api initialized (async)
[   22.925131] md: raid6 personality registered for level 6
[   22.957634] md: raid5 personality registered for level 5
[   23.018777] md: raid4 personality registered for level 4
[   23.086253] md: raid10 personality registered for level 10
done.
Begin: Running /scripts/i[   23.142751] Btrfs loaded
nit-premount ... done.
Begin: Mounting root file system ... Beg[   23.226377] EXT4-fs (sda1): INFO: recovery required on readonly filesystem
in: Running /scr[   23.406784] EXT4-fs (sda1): write access will be enabled during recovery
ipts/local-top ... done.
Begin: Running /scripts/local-premount ... Scanning for Btrfs filesystems
done.
Warning: fsck not pr[   23.672635] EXT4-fs (sda1): orphan cleanup on readonly fs
esent, so skippi[   23.771604] EXT4-fs (sda1): 6 orphan inodes deleted
ng root file sys[   23.888636] EXT4-fs (sda1): recovery complete
tem
[   23.951230] EXT4-fs (sda1): mounted filesystem with ordered data mode. Opts: (null)
done.
Begin: Running /scripts/local-bottom ... done.
Begin: Running /scripts/init-bottom ... done.
[   24.087759] systemd[1]: systemd 229 running in system mode. (+PAM +AUDIT +SELINUX +IMA +APPARMOR +SMACK +SYSVINIT +UTMP +LIBCRYPTSETUP +GCRYPT +GNUTLS +ACL +XZ -LZ4 +SECCOMP +BLKID +ELFUTILS +KMOD -IDN)
[   24.198163] systemd[1]: Detected virtualization oracle.
[   24.252331] systemd[1]: Detected architecture x86-64.

Welcome to [1mUbuntu 16.04.3 LTS[0m!

[   24.349142] systemd[1]: Set hostname to <ubuntu-xenial>.
[   24.488842] random: nonblocking pool is initialized
[   24.658133] systemd[1]: Listening on /dev/initctl Compatibility Named Pipe.
[[0;32m  OK  [0m] Listening on /dev/initctl Compatibility Named Pipe.
[   24.784985] systemd[1]: Created slice System Slice.
[[0;32m  OK  [0m] Created slice System Slice.
[   24.948128] systemd[1]: Listening on udev Control Socket.
[[0;32m  OK  [0m] Listening on udev Control Socket.
[   25.039555] systemd[1]: Listening on Journal Socket.
[[0;32m  OK  [0m] Listening on Journal Socket.
[   25.067920] systemd[1]: Mounting Debug File System...
         Mounting Debug File System...
[   25.200687] systemd[1]: Starting Load Kernel Modules...
         Starting Load Kernel Modules...[   25.286921] Loading iSCSI transport class v2.0-870.

[   25.401483] systemd[1]: Starting Uncomplicated firewall...
         Starting Uncomplicated firewall.[   25.466832] iscsi: registered transport (tcp)
..
[   25.528733] systemd[1]: Starting Remount Root and Kernel File Systems...
         [   25.613108] EXT4-fs (sda1): re-mounted. Opts: (null)
Starting Remount Root and Kernel File Systems...
[   25.630782] systemd[1]: Set up automount Arbitrary Executable File Formats File System Automount Point.
[[0;32m  OK  [0m] Set up automount Arbitrary Executab...ats File System Automount Point.
[   25.742852] systemd[1]: Listening on LVM2 poll daemon socket.
[[0;32m  OK  [0[   25.763896] iscsi: registered transport (iser)
m] Listening on LVM2 poll daemon socket.
[   25.840490] systemd[1]: Listening on Journal Audit Socket.
[[0;32m  OK  [0m] Listening on Journal Audit Socket.
[   26.000689] systemd[1]: Starting Create list of required static device nodes for the current kernel...
         Starting Create list of required st... nodes for the current kernel...
[   26.127381] systemd[1]: Listening on udev Kernel Socket.
[[0;32m  OK  [0m] Listening on udev Kernel Socket.
[   26.228105] systemd[1]: Reached target User and Group Name Lookups.
[[0;32m  OK  [0m] Reached target User and Group Name Lookups.
[   26.420824] systemd[1]: Listening on Journal Socket (/dev/log).
[[0;32m  OK  [0m] Listening on Journal Socket (/dev/log).
[   26.505746] systemd[1]: Reached target Encrypted Volumes.
[[0;32m  OK  [0m] Reached target Encrypted Volumes.
[   26.540714] systemd[1]: Mounting Huge Pages File System...
         Mounting Huge Pages File System...
[   26.632226] systemd[1]: Listening on Device-mapper event daemon FIFOs.
[[0;32m  OK  [0m] Listening on Device-mapper event daemon FIFOs.
[   26.848364] systemd[1]: Mounting POSIX Message Queue File System...
         Mounting POSIX Message Queue File System...
[   26.972734] systemd[1]: Created slice system-serial\x2dgetty.slice.
[[0;32m  OK  [0m] Created slice system-serial\x2dgetty.slice.
[   27.149117] systemd[1]: Reached target Swap.
[[0;32m  OK  [0m] Reached target Swap.
[   27.240078] systemd[1]: Listening on Syslog Socket.
[[0;32m  OK  [0m] Listening on Syslog Socket.
[   27.404019] systemd[1]: Starting Journal Service...
         Starting Journal Service...
[   27.472245] systemd[1]: Started Trigger resolvconf update for networkd DNS.
[[0;32m  OK  [0m] Started Trigger resolvconf update for networkd DNS.
[   27.569432] systemd[1]: Created slice User and Session Slice.
[[0;32m  OK  [0m] Created slice User and Session Slice.
[   27.593237] systemd[1]: Reached target Slices.
[[0;32m  OK  [0m] Reached target Slices.
[   27.740145] systemd[1]: Starting Nameserver information manager...
         Starting Nameserver information manager...
[   27.840195] systemd[1]: Starting Set console keymap...
         Starting Set console keymap...
[   27.919982] systemd[1]: Started Forward Password Requests to Wall Directory Watch.
[[0;32m  OK  [0m] Started Forward Password Requests to Wall Directory Watch.
[   28.088374] systemd[1]: Listening on LVM2 metadata daemon socket.
[[0;32m  OK  [0m] Listening on LVM2 metadata daemon socket.
[   28.144481] systemd[1]: Starting Monitoring of LVM2 mirrors, snapshots etc. using dmeventd or progress polling...
         Starting Monitoring of LVM2 mirrors... dmeventd or progress polling...
[   28.249131] systemd[1]: Mounted POSIX Message Queue File System.
[[0;32m  OK  [0m] Mounted POSIX Message Queue File System.
[   28.424060] systemd[1]: Mounted Debug File System.
[[0;32m  OK  [0m] Mounted Debug File System.
[   28.532435] systemd[1]: Mounted Huge Pages File System.
[[0;32m  OK  [0m] Mounted Huge Pages File System.
[   28.597988] systemd[1]: Started Journal Service.
[[0;32m  OK  [0m] Started Journal Service.
[[0;32m  OK  [0m] Started Load Kernel Modules.
[[0;32m  OK  [0m] Started Uncomplicated firewall.
[[0;32m  OK  [0m] Started Remount Root and Kernel File Systems.
[[0;32m  OK  [0m] Started Create list of required sta...ce nodes for the current kernel.
[[0;32m  OK  [0m] Started Set console keymap.
[[0;32m  OK  [0m] Started Nameserver information manager.
[[0;32m  OK  [0m] Started LVM2 metadata daemon.
         Starting Create Static Device Nodes in /dev...
         Starting Initial cloud-init job (pre-networking)...
         Starting udev Coldplug all Devices...
         Starting Load/Save Random Seed...
         Starting Apply Kernel Variables...
         Mounting FUSE Control File System...
         Starting Flush Journal to Persistent Storage...
[[0;32m  OK  [0m] Mounted FUSE Control File System.
[[0;32m  OK  [0m] Started Monitoring of LVM2 mirrors,...ng dmeventd or progress polling.
[[0;32m  OK  [0m] Started Create Static Device Nodes in /dev.
[[0;32m  OK  [0m] Started Load/Save Random Seed.
[[0;32m  OK  [0m] Started Apply Kernel Variables.
[[0;32m  OK  [0m] Started udev Coldplug all Devices.
[[0;32m  OK  [0m] Started Flush Journal to Persistent Storage.
         Starting udev Kernel Device Manager...
[[0;32m  OK  [0m] Started udev Kernel Device Manager.
[[0;32m  OK  [0m] Reached target Local File Systems (Pre).
[[0;32m  OK  [0m] Reached target Local File Systems.
         Starting Create Volatile Files and Directories...
         Starting LSB: AppArmor initialization...
         Starting Tell Plymouth To Write Out Runtime Data...
         Starting Set console font and keymap...
[[0;32m  OK  [0m] Started Dispatch Password Requests to Console Directory Watch.
[[0;32m  OK  [0m] Started Create Volatile Files and Directories.
[[0;32m  OK  [0m] Started Tell Plymouth To Write Out Runtime Data.
         Starting Update UTMP about System Boot/Shutdown...
[[0;32m  OK  [0m] Reached target System Time Synchronized.
[[0;32m  OK  [0m] Started LSB: AppArmor initialization.
[[0;32m  OK  [0m] Found device /dev/ttyS0.
[[0;32m  OK  [0m] Started Update UTMP about System Boot/Shutdown.
[[0;32m  OK  [0m] Listening on Load/Save RF Kill Switch Status /dev/rfkill Watch.
[   23.784577] cloud-init[454]: Cloud-init v. 17.1 running 'init-local' at Mon, 05 Mar 2018 18:34:09 +0000. Up 23.39 seconds.
[[0;32m  OK  [0m] Found device 82540EM Gigabit Ethern...r (PRO/1000 MT Desktop Adapter).
[[0;32m  OK  [0m] Started Set console font and keymap.
[[0;32m  OK  [0m] Started Initial cloud-init job (pre-networking).
[[0;32m  OK  [0m] Reached target Network (Pre).
[[0;32m  OK  [0m] Started ifup for enp0s3.
         Starting Raise network interfaces...
[[0;32m  OK  [0m] Created slice system-getty.slice.
[[0;32m  OK  [0m] Started Raise network interfaces.
[[0;32m  OK  [0m] Reached target Network.
         Starting Initial cloud-init job (metadata service crawler)...
[   27.045516] cloud-init[971]: Cloud-init v. 17.1 running 'init' at Mon, 05 Mar 2018 18:34:12 +0000. Up 26.75 seconds.
[   27.124839] cloud-init[971]: ci-info: +++++++++++++++++++++++++++++++++++++Net device info++++++++++++++++++++++++++++++++++++++
[[0;32m  OK  [0m] Started Initial cloud-init job (metadata service crawler).
[[0;32m  OK  [0m] Reached target Cloud-config availability.
[   27.207510] cloud-init[971]: ci-info: +--------+------+----------------------------+---------------+-------+-------------------+
[[0;32m  OK  [0m] Reached target Network is Online.
[   27.259081] cloud-init[971]: ci-info: | Device |  Up  |          Address           |      Mask     | Scope |     Hw-Address    |
[   27.270526] cloud-init[971]: ci-info: +--------+------+----------------------------+---------------+-------+-------------------+
[   27.296683]          Starting iSCSI initiator daemon (iscsid)...
[[0;32m  OK  [0m] Reached target System Initialization.
cloud-init[971]: ci-info: | enp0s3 | True |         10.0.2.15          | 255.255.255.0 |   .   | 02:66:2d:c5:e5:fb |
[   27.324909] [cloud-init[0;32m  OK  [0m[971]: ] ci-info: | enp0s3 | True | fe80::66:2dff:fec5:e5fb/64 |       .       |  link | 02:66:2d:c5:e5:fb |Started Daily Cleanup of Temporary Directories.

[   27.325798] cloud-init[971]: ci-info: |   lo   | True |         127.0.0.1          |   255.0.0.0   |   .   |         .         |
[   27.411950] [cloud-init[0;32m  OK  [0m[971]: ] ci-info: |   lo   | True |          ::1/128           |       .       |  host |         .         |Started ACPI Events Check.

[[0;32m  OK  [0m] Reached target Paths.
[[0;32m  OK  [0m] Listening on ACPID Listen Socket.
[   27.412409] cloud-init[971]: ci-info: +--------+------+----------------------------+---------------+-------+-------------------+
[   27.460577] [cloud-init[0;32m  OK  [0m[971]: ] ci-info: +++++++++++++++++++++++++++Route IPv4 info++++++++++++++++++++++++++++Listening on UUID daemon activation socket.

         [   27.485987] Starting Socket activation for snappy daemon.cloud-init
[971]: ci-info: +-------+-------------+----------+---------------+-----------+-------+
[   27.519278] [[0;32m  OK  [0m] Started Timer to automatically refresh installed snaps.
[[0;32m  OK  [0m] Started Daily apt download activities.
[[0;32m  OK  [0m] Started Daily apt upgrade and clean activities.
[[0;32m  OK  [0m] Reached target Timers.
[[0;32m  OK  [0m] Listening on D-Bus System Message Bus Socket.
cloud-init[971]: ci-info: | Route | Destination | Gateway  |    Genmask    | Interface | Flags |
[   27.527179]          cloud-initStarting LXD - unix socket.[971]: 
ci-info: +-------+-------------+----------+---------------+-----------+-------+
[   27.556600] cloud-init[971]: ci-info: |   0   |   0.0.0.0   | 10.0.2.2 |    0.0.0.0    |   enp0s3  |   UG  |
[[0;32m  OK  [0m] Listening on Socket activation for snappy daemon.
[   27.557223] [cloud-init[0;32m  OK  [0m[971]: ] ci-info: |   1   |   10.0.2.0  | 0.0.0.0  | 255.255.255.0 |   enp0s3  |   U   |Listening on LXD - unix socket.

[[0;32m  OK  [0m] Started iSCSI initiator daemon (iscsid).
[   27.575969] cloud-init[971]: ci-info: +-------+-------------+----------+---------------+-----------+-------+
         Starting Login to default iSCSI targets...
[[0;32m  OK  [0m] Reached target Sockets.
[[0;32m  OK  [0m] Reached target Basic System.
         Starting LSB: MD monitoring daemon...
         Starting Apply the settings specified in cloud-config...
[[0;32m  OK  [0m] Started Unattended Upgrades Shutdown.
         Starting LXD - container startup/shutdown...
[[0;32m  OK  [0m] Started D-Bus System Message Bus.
         Starting /etc/rc.local Compatibility...
[[0;32m  OK  [0m] Started FUSE filesystem for LXC.
         Starting MySQL Community Server...
[[0;32m  OK  [0m] Started Regular background program processing daemon.
         Starting System Logging Service...
         Starting Snappy daemon...
[[0;32m  OK  [0m] Started Deferred execution scheduler.
         Starting Login Service...
[[0;32m  OK  [0m] Started ACPI event daemon.
         Starting Accounts Service...
         Starting OpenBSD Secure Shell server...
         Starting LSB: Record successful boot for GRUB...
[[0;32m  OK  [0m] Started System Logging Service.
[[0;32m  OK  [0m] Started LXD - container startup/shutdown.
[[0;32m  OK  [0m] Started /etc/rc.local Compatibility.
[[0;32m  OK  [0m] Started Snappy daemon.
[[0;32m  OK  [0m] Started OpenBSD Secure Shell server.
[[0;32m  OK  [0m] Started Login to default iSCSI targets.
[[0;32m  OK  [0m] Started LSB: MD monitoring daemon.
[[0;32m  OK  [0m] Started LSB: Record successful boot for GRUB.
[[0;32m  OK  [0m] Started Login Service.
         Starting Authenticate and Authorize Users to Run Privileged Tasks...
[[0;32m  OK  [0m] Reached target Remote File Systems (Pre).
[[0;32m  OK  [0m] Reached target Remote File Systems.
         Starting Permit User Sessions...
         Starting LSB: daemon to balance interrupts for SMP systems...
         Starting LSB: VirtualBox Linux Additions...
         Starting LSB: automatic crash report generation...
         Starting LSB: Set the CPU Frequency Scaling governor to "ondemand"...
[[0;32m  OK  [0m] Started Authenticate and Authorize Users to Run Privileged Tasks.
[[0;32m  OK  [0m] Started Permit User Sessions.
[[0;32m  OK  [0m] Started Accounts Service.
[   28.746422] cloud-init[1039]: Cloud-init v. 17.1 running 'modules:config' at Mon, 05 Mar 2018 18:34:14 +0000. Up 28.44 seconds.
[[0;32m  OK  [0m] Started Apply the settings specified in cloud-config.
[[0;32m  OK  [0m] Created slice User Slice of vagrant.
[[0;32m  OK  [0m] Started Session 1 of user vagrant.
         Starting User Manager for UID 1000...
         Starting Terminate Plymouth Boot Screen...
         Starting Hold until boot process finishes up...
[[0;32m  OK  [0m] Started User Manager for UID 1000.
[[0;32m  OK  [0m] Started LSB: daemon to balance interrupts for SMP systems.
[[0;32m  OK  [0m] Started LSB: VirtualBox Linux Additions.
[[0;32m  OK  [0m] Started LSB: automatic crash report generation.
[[0;32m  OK  [0m] Started LSB: Set the CPU Frequency Scaling governor to "ondemand".
[[0;32m  OK  [0m] Started Terminate Plymouth Boot Screen.
[[0;32m  OK  [0m] Started Hold until boot process finishes up.
[[0;32m  OK  [0m] Started Getty on tty1.
[[0;32m  OK  [0m] Started Serial Getty on ttyS0.
[[0;32m  OK  [0m] Reached target Login Prompts.
         Starting Set console scheme...
[[0;32m  OK  [0m] Started MySQL Community Server.
[[0;32m  OK  [0m] Started Set console scheme.
[[0;32m  OK  [0m] Reached target Multi-User System.
         Starting Execute cloud user/final scripts...
[[0;32m  OK  [0m] Reached target Graphical Interface.
         Starting Update UTMP about System Runlevel Changes...
[[0;32m  OK  [0m] Started Update UTMP about System Runlevel Changes.
[   30.011563] cloud-init[1267]: Cloud-init v. 17.1 running 'modules:final' at Mon, 05 Mar 2018 18:34:15 +0000. Up 29.81 seconds.
[   30.152422] cloud-init[1267]: Cloud-init v. 17.1 finished at Mon, 05 Mar 2018 18:34:15 +0000. Datasource DataSourceNoCloud [seed=/dev/sdb][dsmode=net].  Up 30.00 seconds
[[0;32m  OK  [0m] Started Execute cloud user/final scripts.
[[0;32m  OK  [0m] Reached target Cloud-init target.

Ubuntu 16.04.3 LTS ubuntu-xenial ttyS0

ubuntu-xenial login:          Stopping ACPI event daemo[[[0;32m  OK  [0m] Stopped Apply the settings specified in cloud-config.
[[0;32m  OK  [0m] Stopped target Cloud-config availability.
         Stopping Accounts Service...
         Stopping D-Bus System Message Bus...
         Stopping FUSE filesystem for LXC...
[[0;32m  OK  [0m] Unmounted /var/lib/lxcfs.
[[0;32m  OK  [0m] Stopped Regular background program processing daemon.
[[0;32m  OK  [0m] Stopped System Logging Service.
[[0;32m  OK  [0m] Stopped Snappy daemon.
[[0;32m  OK  [0m] Stopped Deferred execution scheduler.
[[0;32m  OK  [0m] Stopped ACPI event daemon.
[[0;32m  OK  [0m] Stopped Accounts Service.
[[0;32m  OK  [0m] Stopped OpenBSD Secure Shell server.
[[0;32m  OK  [0m] Stopped Authenticate and Authorize Users to Run Privileged Tasks.
[[0;32m  OK  [0m] Stopped Getty on tty1.
[[0;32m  OK  [0m] Stopped Serial Getty on ttyS0.
[[0;32m  OK  [0m] Stopped User Manager for UID 1000.
[[0;32m  OK  [0m] Stopped Session 4 of user vagrant.
[[0;32m  OK  [0m] Stopped Unattended Upgrades Shutdown.
[[0;32m  OK  [0m] Stopped D-Bus System Message Bus.
[[0;32m  OK  [0m] Stopped FUSE filesystem for LXC.
[[0;32m  OK  [0m] Stopped LXD - container startup/shutdown.
[[0;32m  OK  [0m] Stopped LSB: VirtualBox Linux Additions.
[[0;32m  OK  [0m] Stopped LSB: automatic crash report generation.
[[0;32m  OK  [0m] Stopped LSB: Set the CPU Frequency Scaling governor to "ondemand".
[[0;32m  OK  [0m] Stopped LSB: Record successful boot for GRUB.
[[0;32m  OK  [0m] Stopped LSB: daemon to balance interrupts for SMP systems.
[[0;32m  OK  [0m] Stopped LSB: MD monitoring daemon.
[[0;32m  OK  [0m] Removed slice User Slice of vagrant.
         Stopping Login Service...
[[0;32m  OK  [0m] Removed slice system-serial\x2dgetty.slice.
         Stopping Permit User Sessions...
[[0;32m  OK  [0m] Removed slice system-getty.slice.
[[0;32m  OK  [0m] Stopped /etc/rc.local Compatibility.
[[0;32m  OK  [0m] Stopped Login Service.
[[0;32m  OK  [0m] Stopped MySQL Community Server.
[[0;32m  OK  [0m] Stopped Permit User Sessions.
[[0;32m  OK  [0m] Stopped target Remote File Systems.
[[0;32m  OK  [0m] Stopped target Remote File Systems (Pre).
         Stopping Login to default iSCSI targets...
[[0;32m  OK  [0m] Stopped target User and Group Name Lookups.
[[0;32m  OK  [0m] Stopped target Basic System.
[[0;32m  OK  [0m] Stopped target Sockets.
[[0;32m  OK  [0m] Closed LXD - unix socket.
[[0;32m  OK  [0m] Closed Socket activation for snappy daemon.
[[0;32m  OK  [0m] Closed ACPID Listen Socket.
[[0;32m  OK  [0m] Closed UUID daemon activation socket.
[[0;32m  OK  [0m] Closed Syslog Socket.
[[0;32m  OK  [0m] Stopped target Paths.
[[0;32m  OK  [0m] Stopped ACPI Events Check.
[[0;32m  OK  [0m] Stopped Dispatch Password Requests to Console Directory Watch.
[[0;32m  OK  [0m] Stopped Forward Password Requests to Wall Directory Watch.
[[0;32m  OK  [0m] Stopped target Slices.
[[0;32m  OK  [0m] Removed slice User and Session Slice.
[[0;32m  OK  [0m] Closed D-Bus System Message Bus Socket.
[[0;32m  OK  [0m] Stopped target System Initialization.
[[0;32m  OK  [0m] Stopped target Swap.
[[0;32m  OK  [0m] Stopped target Encrypted Volumes.
         Stopping Update UTMP about System Boot/Shutdown...
         Stopping Load/Save Random Seed...
[[0;32m  OK  [0m] Stopped Load/Save Random Seed.
[[0;32m  OK  [0m] Stopped Login to default iSCSI targets.
[[0;32m  OK  [0m] Stopped Update UTMP about System Boot/Shutdown.
[[0;32m  OK  [0m] Stopped Create Volatile Files and Directories.
         Stopping iSCSI initiator daemon (iscsid)...
[[0;32m  OK  [0m] Stopped iSCSI initiator daemon (iscsid).
[[0;32m  OK  [0m] Stopped target Network is Online.
[[0;32m  OK  [0m] Stopped Initial cloud-init job (metadata service crawler).
[[0;32m  OK  [0m] Stopped target Network.
         Stopping Raise network interfaces...
[[0;32m  OK  [0m] Stopped Raise network interfaces.
[[0;32m  OK  [0m] Stopped target Local File Systems.
         Unmounting /vagrant...
         Unmounting /home/vagrant/data...
         Unmounting /run/user/1000...
[[0;32m  OK  [0m] Stopped target Network (Pre).
[[0;32m  OK  [0m] Stopped Initial cloud-init job (pre-networking).
[[0;32m  OK  [0m] Stopped Apply Kernel Variables.
[[0;32m  OK  [0m] Stopped Load Kernel Modules.
[[0;32m  OK  [0m] Unmounted /vagrant.
[[0;32m  OK  [0m] Unmounted /home/vagrant/data.
[[0;32m  OK  [0m] Unmounted /run/user/1000.
[[0;32m  OK  [0m] Reached target Unmount All Filesystems.
[[0;32m  OK  [0m] Stopped target Local File Systems (Pre).
[[0;32m  OK  [0m] Stopped Create Static Device Nodes in /dev.
         Stopping Monitoring of LVM2 mirrors... dmeventd or progress polling...
[[0;32m  OK  [0m] Stopped Remount Root and Kernel File Systems.
[[0;32m  OK  [0m] Reached target Shutdown.
[ 4113.682217] reboot: Power down
